Determining if the pthread_create exist failed with the following output:
Change Dir: /home/linux_dev/projects/solidum_engine/SolidumEngine/build/CMakeFiles/CMakeTmp

Run Build Command:"/usr/bin/ninja" "cmTC_f7910"
[1/2] Building C object CMakeFiles/cmTC_f7910.dir/CheckSymbolExists.c.o
[2/2] Linking C executable cmTC_f7910
FAILED: cmTC_f7910 
: && /usr/bin/gcc   -rdynamic CMakeFiles/cmTC_f7910.dir/CheckSymbolExists.c.o  -o cmTC_f7910   && :
/usr/bin/ld: CMakeFiles/cmTC_f7910.dir/CheckSymbolExists.c.o: in function `main':
CheckSymbolExists.c:(.text+0x1b): undefined reference to `pthread_create'
collect2: error: ld returned 1 exit status
ninja: build stopped: subcommand failed.

File /home/linux_dev/projects/solidum_engine/SolidumEngine/build/CMakeFiles/CMakeTmp/CheckSymbolExists.c:
/* */
#include <pthread.h>

int main(int argc, char** argv)
{
  (void)argv;
#ifndef pthread_create
  return ((int*)(&pthread_create))[argc];
#else
  (void)argc;
  return 0;
#endif
}

